<?xml version="1.0" encoding="UTF-8"?>
<!-- Generated by org.testng.reporters.JUnitReportReporter -->
<testsuite skipped="0" hostname="Vinit" name="com.maven.AppTest" tests="1" failures="0" timestamp="2020-09-18T09:51:54 IST" time="34.543" errors="0">
  <testcase name="verifyOneStopFlightCount" time="34.543" classname="com.maven.AppTest"/>
  <system-out/>
</testsuite> <!-- com.maven.AppTest -->
