<?xml version="1.0" encoding="UTF-8"?>
<!-- Generated by org.testng.reporters.JUnitReportReporter -->
<testsuite skipped="0" hostname="Vinit" name="com.maven.AppTest" tests="1" failures="0" timestamp="2020-09-17T10:56:29 IST" time="13.513" errors="0">
  <testcase name="verifyOneStopFlightCount" time="13.513" classname="com.maven.AppTest"/>
  <system-out/>
</testsuite> <!-- com.maven.AppTest -->
